0 info it worked if it ends with ok
1 verbose cli [
1 verbose cli   'C:\\Program Files\\nodejs\\node.exe',
1 verbose cli   'C:\\Program Files\\nodejs\\node_modules\\npm\\bin\\npm-cli.js',
1 verbose cli   'install',
1 verbose cli   'browserslist@latest',
1 verbose cli   '--global',
1 verbose cli   '--prefix',
1 verbose cli   'E:\\Projects\\React',
1 verbose cli   'Js\\enroot-academy\\cache\\_npx\\2492',
1 verbose cli   '--loglevel',
1 verbose cli   'error',
1 verbose cli   '--json'
1 verbose cli ]
2 info using npm@6.14.10
3 info using node@v14.15.4
4 verbose npm-session a5696778e5c6b51e
5 silly install loadCurrentTree
6 silly install readGlobalPackageData
7 silly fetchPackageMetaData error for file:Js\enroot-academy\cache\_npx\2492 Could not install from "Js\enroot-academy\cache\_npx\2492" as it does not contain a package.json file.
8 http fetch GET 200 https://registry.npmjs.org/browserslist 598ms
9 http fetch GET 200 https://registry.npmjs.org/browserslist/-/browserslist-4.19.3.tgz 109ms
10 silly pacote tag manifest for browserslist@latest fetched in 759ms
11 timing stage:rollbackFailedOptional Completed in 1ms
12 timing stage:runTopLevelLifecycles Completed in 781ms
13 verbose stack Error: ENOENT: no such file or directory, open 'E:\Projects\React Js\enroot-academy\Js\enroot-academy\cache\_npx\2492\package.json'
14 verbose cwd E:\Projects\React Js\enroot-academy
15 verbose Windows_NT 10.0.19044
16 verbose argv "C:\\Program Files\\nodejs\\node.exe" "C:\\Program Files\\nodejs\\node_modules\\npm\\bin\\npm-cli.js" "install" "browserslist@latest" "--global" "--prefix" "E:\\Projects\\React" "Js\\enroot-academy\\cache\\_npx\\2492" "--loglevel" "error" "--json"
17 verbose node v14.15.4
18 verbose npm  v6.14.10
19 error code ENOLOCAL
20 error Could not install from "Js\enroot-academy\cache\_npx\2492" as it does not contain a package.json file.
21 verbose exit [ 1, true ]
